# JRE version: OpenJDK Runtime Environment Temurin-21.0.9+10 (21.0.9+10) (build 21.0.9+10-LTS)
# Java VM: OpenJDK 64-Bit Server VM Temurin-21.0.9+10 (21.0.9+10-LTS, mixed mode, sharing, tiered, compressed oops, compressed class ptrs, g1 gc, windows-amd64)
GC Precious Log:
 CardTable entry size: 512
 Card Set container configuration: InlinePtr #cards 4 size 8 Array Of Cards #cards 16 size 48 Howl #buckets 8 coarsen threshold 3686 Howl Bitmap #cards 512 size 80 coarsen threshold 460 Card regions per heap region 1 cards per card region 4096
 CPUs: 8 total, 8 available
 Memory: 16183M
 Large Page Support: Disabled
 NUMA Support: Disabled
 Compressed Oops: Enabled (Zero based)
 Heap Region Size: 2M
 Heap Min Capacity: 8M
 Heap Initial Capacity: 254M
 Heap Max Capacity: 4046M
 Pre-touch: Disabled
 Parallel Workers: 8
 Concurrent Workers: 2
 Concurrent Refinement Workers: 8
 Periodic GC: Disabled
Heap:
 garbage-first heap   total 67584K, used 34004K [0x0000000703200000, 0x0000000800000000)
  region size 2048K, 4 young (8192K), 1 survivors (2048K)
 Metaspace       used 23147K, committed 23488K, reserved 1114112K
  class space    used 3118K, committed 3264K, reserved 1048576K
GC Heap History (20 events):
Event: 7362.059 GC heap before
{Heap before GC invocations=672 (full 0):
 garbage-first heap   total 67584K, used 60517K [0x0000000703200000, 0x0000000800000000)
  region size 2048K, 16 young (32768K), 1 survivors (2048K)
 Metaspace       used 23141K, committed 23488K, reserved 1114112K
  class space    used 3118K, committed 3264K, reserved 1048576K
}
Event: 7362.061 GC heap after
{Heap after GC invocations=673 (full 0):
 garbage-first heap   total 67584K, used 29419K [0x0000000703200000, 0x0000000800000000)
  region size 2048K, 1 young (2048K), 1 survivors (2048K)
 Metaspace       used 23141K, committed 23488K, reserved 1114112K
  class space    used 3118K, committed 3264K, reserved 1048576K
}
Event: 7369.248 GC heap before
{Heap before GC invocations=673 (full 0):
 garbage-first heap   total 67584K, used 60139K [0x0000000703200000, 0x0000000800000000)
  region size 2048K, 16 young (32768K), 1 survivors (2048K)
 Metaspace       used 23143K, committed 23488K, reserved 1114112K
  class space    used 3118K, committed 3264K, reserved 1048576K
}
Event: 7369.252 GC heap after
{Heap after GC invocations=674 (full 0):
 garbage-first heap   total 67584K, used 29425K [0x0000000703200000, 0x0000000800000000)
  region size 2048K, 1 young (2048K), 1 survivors (2048K)
 Metaspace       used 23143K, committed 23488K, reserved 1114112K
  class space    used 3118K, committed 3264K, reserved 1048576K
}
Event: 7379.104 GC heap before
{Heap before GC invocations=674 (full 0):
 garbage-first heap   total 67584K, used 60145K [0x0000000703200000, 0x0000000800000000)
  region size 2048K, 16 young (32768K), 1 survivors (2048K)
 Metaspace       used 23147K, committed 23488K, reserved 1114112K
  class space    used 3118K, committed 3264K, reserved 1048576K
}
Event: 7379.107 GC heap after
{Heap after GC invocations=675 (full 0):
 garbage-first heap   total 67584K, used 29657K [0x0000000703200000, 0x0000000800000000)
  region size 2048K, 1 young (2048K), 1 survivors (2048K)
 Metaspace       used 23147K, committed 23488K, reserved 1114112K
  class space    used 3118K, committed 3264K, reserved 1048576K
}
Event: 7389.087 GC heap before
{Heap before GC invocations=675 (full 0):
 garbage-first heap   total 67584K, used 60377K [0x0000000703200000, 0x0000000800000000)
  region size 2048K, 16 young (32768K), 1 survivors (2048K)
 Metaspace       used 23147K, committed 23488K, reserved 1114112K
  class space    used 3118K, committed 3264K, reserved 1048576K
}
Event: 7389.089 GC heap after
{Heap after GC invocations=676 (full 0):
 garbage-first heap   total 67584K, used 29628K [0x0000000703200000, 0x0000000800000000)
  region size 2048K, 1 young (2048K), 1 survivors (2048K)
 Metaspace       used 23147K, committed 23488K, reserved 1114112K
  class space    used 3118K, committed 3264K, reserved 1048576K
}
Event: 7399.085 GC heap before
{Heap before GC invocations=676 (full 0):
 garbage-first heap   total 67584K, used 60348K [0x0000000703200000, 0x0000000800000000)
  region size 2048K, 16 young (32768K), 1 survivors (2048K)
 Metaspace       used 23147K, committed 23488K, reserved 1114112K
  class space    used 3118K, committed 3264K, reserved 1048576K
}
Event: 7399.088 GC heap after
{Heap after GC invocations=677 (full 0):
 garbage-first heap   total 67584K, used 29670K [0x0000000703200000, 0x0000000800000000)
  region size 2048K, 1 young (2048K), 1 survivors (2048K)
 Metaspace       used 23147K, committed 23488K, reserved 1114112K
  class space    used 3118K, committed 3264K, reserved 1048576K
}
Event: 7409.094 GC heap before
{Heap before GC invocations=677 (full 0):
 garbage-first heap   total 67584K, used 60390K [0x0000000703200000, 0x0000000800000000)
  region size 2048K, 16 young (32768K), 1 survivors (2048K)
 Metaspace       used 23147K, committed 23488K, reserved 1114112K
  class space    used 3118K, committed 3264K, reserved 1048576K
}
Event: 7409.096 GC heap after
{Heap after GC invocations=678 (full 0):
 garbage-first heap   total 67584K, used 29570K [0x0000000703200000, 0x0000000800000000)
  region size 2048K, 1 young (2048K), 1 survivors (2048K)
 Metaspace       used 23147K, committed 23488K, reserved 1114112K
  class space    used 3118K, committed 3264K, reserved 1048576K
}
Event: 7418.144 GC heap before
{Heap before GC invocations=678 (full 0):
 garbage-first heap   total 67584K, used 60290K [0x0000000703200000, 0x0000000800000000)
  region size 2048K, 16 young (32768K), 1 survivors (2048K)
 Metaspace       used 23147K, committed 23488K, reserved 1114112K
  class space    used 3118K, committed 3264K, reserved 1048576K
}
Event: 7418.147 GC heap after
{Heap after GC invocations=679 (full 0):
 garbage-first heap   total 67584K, used 29477K [0x0000000703200000, 0x0000000800000000)
  region size 2048K, 1 young (2048K), 1 survivors (2048K)
 Metaspace       used 23147K, committed 23488K, reserved 1114112K
  class space    used 3118K, committed 3264K, reserved 1048576K
}
Event: 7428.143 GC heap before
{Heap before GC invocations=679 (full 0):
 garbage-first heap   total 67584K, used 60197K [0x0000000703200000, 0x0000000800000000)
  region size 2048K, 16 young (32768K), 1 survivors (2048K)
 Metaspace       used 23147K, committed 23488K, reserved 1114112K
  class space    used 3118K, committed 3264K, reserved 1048576K
}
Event: 7428.146 GC heap after
{Heap after GC invocations=680 (full 0):
 garbage-first heap   total 67584K, used 29905K [0x0000000703200000, 0x0000000800000000)
  region size 2048K, 1 young (2048K), 1 survivors (2048K)
 Metaspace       used 23147K, committed 23488K, reserved 1114112K
  class space    used 3118K, committed 3264K, reserved 1048576K
}
Event: 7438.159 GC heap before
{Heap before GC invocations=680 (full 0):
 garbage-first heap   total 67584K, used 60625K [0x0000000703200000, 0x0000000800000000)
  region size 2048K, 16 young (32768K), 1 survivors (2048K)
 Metaspace       used 23147K, committed 23488K, reserved 1114112K
  class space    used 3118K, committed 3264K, reserved 1048576K
}
Event: 7438.161 GC heap after
{Heap after GC invocations=681 (full 0):
 garbage-first heap   total 67584K, used 29919K [0x0000000703200000, 0x0000000800000000)
  region size 2048K, 1 young (2048K), 1 survivors (2048K)
 Metaspace       used 23147K, committed 23488K, reserved 1114112K
  class space    used 3118K, committed 3264K, reserved 1048576K
}
Event: 7448.158 GC heap before
{Heap before GC invocations=681 (full 0):
 garbage-first heap   total 67584K, used 60639K [0x0000000703200000, 0x0000000800000000)
  region size 2048K, 16 young (32768K), 1 survivors (2048K)
 Metaspace       used 23147K, committed 23488K, reserved 1114112K
  class space    used 3118K, committed 3264K, reserved 1048576K
}
Event: 7448.160 GC heap after
{Heap after GC invocations=682 (full 0):
 garbage-first heap   total 67584K, used 29908K [0x0000000703200000, 0x0000000800000000)
  region size 2048K, 1 young (2048K), 1 survivors (2048K)
 Metaspace       used 23147K, committed 23488K, reserved 1114112K
  class space    used 3118K, committed 3264K, reserved 1048576K
}

