# JRE version: OpenJDK Runtime Environment Temurin-21.0.9+10 (21.0.9+10) (build 21.0.9+10-LTS)
# Java VM: OpenJDK 64-Bit Server VM Temurin-21.0.9+10 (21.0.9+10-LTS, mixed mode, sharing, tiered, compressed oops, compressed class ptrs, g1 gc, windows-amd64)
GC Precious Log:
 CardTable entry size: 512
 Card Set container configuration: InlinePtr #cards 4 size 8 Array Of Cards #cards 16 size 48 Howl #buckets 8 coarsen threshold 3686 Howl Bitmap #cards 512 size 80 coarsen threshold 460 Card regions per heap region 1 cards per card region 4096
 CPUs: 8 total, 8 available
 Memory: 16183M
 Large Page Support: Disabled
 NUMA Support: Disabled
 Compressed Oops: Enabled (Zero based)
 Heap Region Size: 2M
 Heap Min Capacity: 8M
 Heap Initial Capacity: 254M
 Heap Max Capacity: 4046M
 Pre-touch: Disabled
 Parallel Workers: 8
 Concurrent Workers: 2
 Concurrent Refinement Workers: 8
 Periodic GC: Disabled
Heap:
 garbage-first heap   total 354304K, used 80783K [0x0000000703200000, 0x0000000800000000)
  region size 2048K, 2 young (4096K), 2 survivors (4096K)
 Metaspace       used 23930K, committed 24256K, reserved 1114112K
  class space    used 3271K, committed 3392K, reserved 1048576K
GC Heap History (20 events):
Event: 405.262 GC heap after
{Heap after GC invocations=59 (full 0):
 garbage-first heap   total 245760K, used 80347K [0x0000000703200000, 0x0000000800000000)
  region size 2048K, 5 young (10240K), 5 survivors (10240K)
 Metaspace       used 23922K, committed 24256K, reserved 1114112K
  class space    used 3271K, committed 3392K, reserved 1048576K
}
Event: 408.290 GC heap before
{Heap before GC invocations=59 (full 0):
 garbage-first heap   total 245760K, used 217563K [0x0000000703200000, 0x0000000800000000)
  region size 2048K, 72 young (147456K), 5 survivors (10240K)
 Metaspace       used 23925K, committed 24256K, reserved 1114112K
  class space    used 3271K, committed 3392K, reserved 1048576K
}
Event: 408.295 GC heap after
{Heap after GC invocations=60 (full 0):
 garbage-first heap   total 294912K, used 80550K [0x0000000703200000, 0x0000000800000000)
  region size 2048K, 5 young (10240K), 5 survivors (10240K)
 Metaspace       used 23925K, committed 24256K, reserved 1114112K
  class space    used 3271K, committed 3392K, reserved 1048576K
}
Event: 408.537 GC heap before
{Heap before GC invocations=60 (full 0):
 garbage-first heap   total 294912K, used 246438K [0x0000000703200000, 0x0000000800000000)
  region size 2048K, 86 young (176128K), 5 survivors (10240K)
 Metaspace       used 23925K, committed 24256K, reserved 1114112K
  class space    used 3271K, committed 3392K, reserved 1048576K
}
Event: 408.542 GC heap after
{Heap after GC invocations=61 (full 0):
 garbage-first heap   total 294912K, used 80665K [0x0000000703200000, 0x0000000800000000)
  region size 2048K, 5 young (10240K), 5 survivors (10240K)
 Metaspace       used 23925K, committed 24256K, reserved 1114112K
  class space    used 3271K, committed 3392K, reserved 1048576K
}
Event: 408.730 GC heap before
{Heap before GC invocations=61 (full 0):
 garbage-first heap   total 294912K, used 246553K [0x0000000703200000, 0x0000000800000000)
  region size 2048K, 86 young (176128K), 5 survivors (10240K)
 Metaspace       used 23925K, committed 24256K, reserved 1114112K
  class space    used 3271K, committed 3392K, reserved 1048576K
}
Event: 408.735 GC heap after
{Heap after GC invocations=62 (full 0):
 garbage-first heap   total 294912K, used 80265K [0x0000000703200000, 0x0000000800000000)
  region size 2048K, 5 young (10240K), 5 survivors (10240K)
 Metaspace       used 23925K, committed 24256K, reserved 1114112K
  class space    used 3271K, committed 3392K, reserved 1048576K
}
Event: 408.977 GC heap before
{Heap before GC invocations=62 (full 0):
 garbage-first heap   total 294912K, used 246153K [0x0000000703200000, 0x0000000800000000)
  region size 2048K, 86 young (176128K), 5 survivors (10240K)
 Metaspace       used 23925K, committed 24256K, reserved 1114112K
  class space    used 3271K, committed 3392K, reserved 1048576K
}
Event: 408.982 GC heap after
{Heap after GC invocations=63 (full 0):
 garbage-first heap   total 294912K, used 80735K [0x0000000703200000, 0x0000000800000000)
  region size 2048K, 5 young (10240K), 5 survivors (10240K)
 Metaspace       used 23925K, committed 24256K, reserved 1114112K
  class space    used 3271K, committed 3392K, reserved 1048576K
}
Event: 409.200 GC heap before
{Heap before GC invocations=63 (full 0):
 garbage-first heap   total 294912K, used 246623K [0x0000000703200000, 0x0000000800000000)
  region size 2048K, 86 young (176128K), 5 survivors (10240K)
 Metaspace       used 23925K, committed 24256K, reserved 1114112K
  class space    used 3271K, committed 3392K, reserved 1048576K
}
Event: 409.205 GC heap after
{Heap after GC invocations=64 (full 0):
 garbage-first heap   total 294912K, used 80463K [0x0000000703200000, 0x0000000800000000)
  region size 2048K, 5 young (10240K), 5 survivors (10240K)
 Metaspace       used 23925K, committed 24256K, reserved 1114112K
  class space    used 3271K, committed 3392K, reserved 1048576K
}
Event: 409.424 GC heap before
{Heap before GC invocations=64 (full 0):
 garbage-first heap   total 294912K, used 246351K [0x0000000703200000, 0x0000000800000000)
  region size 2048K, 86 young (176128K), 5 survivors (10240K)
 Metaspace       used 23925K, committed 24256K, reserved 1114112K
  class space    used 3271K, committed 3392K, reserved 1048576K
}
Event: 409.429 GC heap after
{Heap after GC invocations=65 (full 0):
 garbage-first heap   total 354304K, used 80339K [0x0000000703200000, 0x0000000800000000)
  region size 2048K, 5 young (10240K), 5 survivors (10240K)
 Metaspace       used 23925K, committed 24256K, reserved 1114112K
  class space    used 3271K, committed 3392K, reserved 1048576K
}
Event: 409.714 GC heap before
{Heap before GC invocations=65 (full 0):
 garbage-first heap   total 354304K, used 281043K [0x0000000703200000, 0x0000000800000000)
  region size 2048K, 103 young (210944K), 5 survivors (10240K)
 Metaspace       used 23925K, committed 24256K, reserved 1114112K
  class space    used 3271K, committed 3392K, reserved 1048576K
}
Event: 409.718 GC heap after
{Heap after GC invocations=66 (full 0):
 garbage-first heap   total 354304K, used 80470K [0x0000000703200000, 0x0000000800000000)
  region size 2048K, 5 young (10240K), 5 survivors (10240K)
 Metaspace       used 23925K, committed 24256K, reserved 1114112K
  class space    used 3271K, committed 3392K, reserved 1048576K
}
Event: 410.003 GC heap before
{Heap before GC invocations=66 (full 0):
 garbage-first heap   total 354304K, used 281174K [0x0000000703200000, 0x0000000800000000)
  region size 2048K, 103 young (210944K), 5 survivors (10240K)
 Metaspace       used 23926K, committed 24256K, reserved 1114112K
  class space    used 3271K, committed 3392K, reserved 1048576K
}
Event: 410.008 GC heap after
{Heap after GC invocations=67 (full 0):
 garbage-first heap   total 354304K, used 80338K [0x0000000703200000, 0x0000000800000000)
  region size 2048K, 5 young (10240K), 5 survivors (10240K)
 Metaspace       used 23926K, committed 24256K, reserved 1114112K
  class space    used 3271K, committed 3392K, reserved 1048576K
}
Event: 410.251 GC heap before
{Heap before GC invocations=67 (full 0):
 garbage-first heap   total 354304K, used 281042K [0x0000000703200000, 0x0000000800000000)
  region size 2048K, 103 young (210944K), 5 survivors (10240K)
 Metaspace       used 23930K, committed 24256K, reserved 1114112K
  class space    used 3271K, committed 3392K, reserved 1048576K
}
Event: 410.257 GC heap after
{Heap after GC invocations=68 (full 0):
 garbage-first heap   total 354304K, used 80269K [0x0000000703200000, 0x0000000800000000)
  region size 2048K, 5 young (10240K), 5 survivors (10240K)
 Metaspace       used 23930K, committed 24256K, reserved 1114112K
  class space    used 3271K, committed 3392K, reserved 1048576K
}
Event: 410.754 GC heap before
{Heap before GC invocations=68 (full 0):
 garbage-first heap   total 354304K, used 280973K [0x0000000703200000, 0x0000000800000000)
  region size 2048K, 103 young (210944K), 5 survivors (10240K)
 Metaspace       used 23930K, committed 24256K, reserved 1114112K
  class space    used 3271K, committed 3392K, reserved 1048576K
}

